<?xml version="1.0" encoding="UTF-8"?>
<testsuite xmlns:xsi="http://www.w3.org/2001/XMLSchema-instance" xsi:noNamespaceSchemaLocation="https://maven.apache.org/surefire/maven-surefire-plugin/xsd/surefire-test-report.xsd" name="Pessoa_Tests" time="0.117" tests="10" errors="0" skipped="0" failures="0">
  <properties>
    <property name="java.specification.version" value="16"/>
    <property name="sun.cpu.isalist" value="amd64"/>
    <property name="sun.jnu.encoding" value="Cp1252"/>
    <property name="java.class.path" value="C:\Users\Ribamar Filho\Documents\NetBeansProjects\ProjetoLocadora\target\test-classes;C:\Users\Ribamar Filho\Documents\NetBeansProjects\ProjetoLocadora\target\classes;C:\Users\Ribamar Filho\.m2\repository\org\junit\jupiter\junit-jupiter-api\5.6.0\junit-jupiter-api-5.6.0.jar;C:\Users\Ribamar Filho\.m2\repository\org\apiguardian\apiguardian-api\1.1.0\apiguardian-api-1.1.0.jar;C:\Users\Ribamar Filho\.m2\repository\org\opentest4j\opentest4j\1.2.0\opentest4j-1.2.0.jar;C:\Users\Ribamar Filho\.m2\repository\org\junit\platform\junit-platform-commons\1.6.0\junit-platform-commons-1.6.0.jar;C:\Users\Ribamar Filho\.m2\repository\org\junit\jupiter\junit-jupiter-params\5.6.0\junit-jupiter-params-5.6.0.jar;C:\Users\Ribamar Filho\.m2\repository\org\junit\jupiter\junit-jupiter-engine\5.6.0\junit-jupiter-engine-5.6.0.jar;C:\Users\Ribamar Filho\.m2\repository\org\junit\platform\junit-platform-engine\1.6.0\junit-platform-engine-1.6.0.jar;"/>
    <property name="java.vm.vendor" value="Oracle Corporation"/>
    <property name="sun.arch.data.model" value="64"/>
    <property name="user.variant" value=""/>
    <property name="java.vendor.url" value="https://java.oracle.com/"/>
    <property name="user.timezone" value="America/Sao_Paulo"/>
    <property name="os.name" value="Windows 10"/>
    <property name="java.vm.specification.version" value="16"/>
    <property name="user.country" value="BR"/>
    <property name="sun.java.launcher" value="SUN_STANDARD"/>
    <property name="sun.boot.library.path" value="C:\Program Files\Java\jdk-16.0.1\bin"/>
    <property name="sun.java.command" value="C:\Users\RIBAMA~1\AppData\Local\Temp\surefire13546462564056677200\surefirebooter9650944540518383176.jar C:\Users\Ribamar Filho\AppData\Local\Temp\surefire13546462564056677200 2021-06-27T15-23-01_000-jvmRun1 surefire2410774939959807826tmp surefire_015894901810448440182tmp"/>
    <property name="jdk.debug" value="release"/>
    <property name="test" value="Pessoa_Tests"/>
    <property name="surefire.test.class.path" value="C:\Users\Ribamar Filho\Documents\NetBeansProjects\ProjetoLocadora\target\test-classes;C:\Users\Ribamar Filho\Documents\NetBeansProjects\ProjetoLocadora\target\classes;C:\Users\Ribamar Filho\.m2\repository\org\junit\jupiter\junit-jupiter-api\5.6.0\junit-jupiter-api-5.6.0.jar;C:\Users\Ribamar Filho\.m2\repository\org\apiguardian\apiguardian-api\1.1.0\apiguardian-api-1.1.0.jar;C:\Users\Ribamar Filho\.m2\repository\org\opentest4j\opentest4j\1.2.0\opentest4j-1.2.0.jar;C:\Users\Ribamar Filho\.m2\repository\org\junit\platform\junit-platform-commons\1.6.0\junit-platform-commons-1.6.0.jar;C:\Users\Ribamar Filho\.m2\repository\org\junit\jupiter\junit-jupiter-params\5.6.0\junit-jupiter-params-5.6.0.jar;C:\Users\Ribamar Filho\.m2\repository\org\junit\jupiter\junit-jupiter-engine\5.6.0\junit-jupiter-engine-5.6.0.jar;C:\Users\Ribamar Filho\.m2\repository\org\junit\platform\junit-platform-engine\1.6.0\junit-platform-engine-1.6.0.jar;"/>
    <property name="sun.cpu.endian" value="little"/>
    <property name="user.home" value="C:\Users\Ribamar Filho"/>
    <property name="user.language" value="pt"/>
    <property name="java.specification.vendor" value="Oracle Corporation"/>
    <property name="java.version.date" value="2021-04-20"/>
    <property name="java.home" value="C:\Program Files\Java\jdk-16.0.1"/>
    <property name="file.separator" value="\"/>
    <property name="basedir" value="C:\Users\Ribamar Filho\Documents\NetBeansProjects\ProjetoLocadora"/>
    <property name="java.vm.compressedOopsMode" value="32-bit"/>
    <property name="line.separator" value="&#10;"/>
    <property name="java.vm.specification.vendor" value="Oracle Corporation"/>
    <property name="java.specification.name" value="Java Platform API Specification"/>
    <property name="surefire.real.class.path" value="C:\Users\RIBAMA~1\AppData\Local\Temp\surefire13546462564056677200\surefirebooter9650944540518383176.jar"/>
    <property name="user.script" value=""/>
    <property name="sun.management.compiler" value="HotSpot 64-Bit Tiered Compilers"/>
    <property name="java.runtime.version" value="16.0.1+9-24"/>
    <property name="user.name" value="Ribamar Filho"/>
    <property name="path.separator" value=";"/>
    <property name="os.version" value="10.0"/>
    <property name="java.runtime.name" value="Java(TM) SE Runtime Environment"/>
    <property name="file.encoding" value="UTF-8"/>
    <property name="java.vm.name" value="Java HotSpot(TM) 64-Bit Server VM"/>
    <property name="maven.ext.class.path" value="C:\Program Files\NetBeans-12.4\netbeans\java\maven-nblib\netbeans-eventspy.jar"/>
    <property name="localRepository" value="C:\Users\Ribamar Filho\.m2\repository"/>
    <property name="java.vendor.url.bug" value="https://bugreport.java.com/bugreport/"/>
    <property name="java.io.tmpdir" value="C:\Users\RIBAMA~1\AppData\Local\Temp\"/>
    <property name="java.version" value="16.0.1"/>
    <property name="user.dir" value="C:\Users\Ribamar Filho\Documents\NetBeansProjects\ProjetoLocadora"/>
    <property name="os.arch" value="amd64"/>
    <property name="java.vm.specification.name" value="Java Virtual Machine Specification"/>
    <property name="sun.os.patch.level" value=""/>
    <property name="java.library.path" value="C:\Program Files\Java\jdk-16.0.1\bin;C:\Windows\Sun\Java\bin;C:\Windows\system32;C:\Windows;C:\Program Files\Common Files\Oracle\Java\javapath;C:\ProgramData\Oracle\Java\javapath;C:\Windows\system32;C:\Windows;C:\Windows\System32\Wbem;C:\Windows\System32\WindowsPowerShell\v1.0\;C:\Windows\System32\OpenSSH\;C:\Program Files\nodejs\;C:\Program Files\Git\cmd;C:\Users\Ribamar Filho\AppData\Local\Programs\Python\Python39\Scripts\;C:\Users\Ribamar Filho\AppData\Local\Programs\Python\Python39\;C:\Users\Ribamar Filho\AppData\Local\Microsoft\WindowsApps;;C:\Users\Ribamar Filho\AppData\Local\Programs\Microsoft VS Code\bin;C:\Users\Ribamar Filho\AppData\Roaming\npm;."/>
    <property name="java.vm.info" value="mixed mode, sharing"/>
    <property name="java.vendor" value="Oracle Corporation"/>
    <property name="java.vm.version" value="16.0.1+9-24"/>
    <property name="sun.io.unicode.encoding" value="UnicodeLittle"/>
    <property name="java.class.version" value="60.0"/>
  </properties>
  <testcase name="checa_email_valido_test" classname="Pessoa_Tests" time="0.054"/>
  <testcase name="dataNasc_coloca_mascara_test" classname="Pessoa_Tests" time="0.004"/>
  <testcase name="telefone_coloca_mascara_test" classname="Pessoa_Tests" time="0.002"/>
  <testcase name="nome_valido_test" classname="Pessoa_Tests" time="0.003"/>
  <testcase name="dataNasc_corrige_ano_reduzido_test" classname="Pessoa_Tests" time="0.026"/>
  <testcase name="cpf_aceita_mascara_test" classname="Pessoa_Tests" time="0.002"/>
  <testcase name="nome_nao_aceita_caracteres_especiais_test" classname="Pessoa_Tests" time="0.002"/>
  <testcase name="dataNasc_aceita_mascara_test" classname="Pessoa_Tests" time="0.002"/>
  <testcase name="cpf_coloca_mascara_test" classname="Pessoa_Tests" time="0.003"/>
  <testcase name="telefone_aceita_mascara_test" classname="Pessoa_Tests" time="0.001"/>
</testsuite>